<?xml version="1.0" encoding="UTF-8"?>
<!-- Generated by org.testng.reporters.JUnitXMLReporter -->
<testsuite hostname="DESKTOP-5O550SC" ignored="0" name="Default test" tests="3" failures="0" timestamp="14 Nov 2019 10:30:29 GMT" time="76.479" errors="0">
  <testcase name="Test1" time="12.797" classname="com.AutomationTalks.demoProject1.TestClass1"/>
  <testcase name="Test2" time="8.631" classname="com.AutomationTalks.demoProject1.TestClass1"/>
  <testcase name="Test3" time="9.108" classname="com.AutomationTalks.demoProject1.TestClass1"/>
</testsuite> <!-- Default test -->
