<?xml version="1.0" encoding="UTF-8"?>
<!-- Generated by org.testng.reporters.JUnitXMLReporter -->
<testsuite hostname="DESKTOP-5O550SC" ignored="0" name="Test" tests="3" failures="0" timestamp="14 Nov 2019 23:21:16 GMT" time="177.443" errors="0">
  <testcase name="Test1" time="24.627" classname="com.AutomationTalks.demoProject1.TestClass1"/>
  <testcase name="Test2" time="22.079" classname="com.AutomationTalks.demoProject1.TestClass1"/>
  <testcase name="Test3" time="49.053" classname="com.AutomationTalks.demoProject1.TestClass1"/>
</testsuite> <!-- Test -->
